commit 424a1c5311ed99907e7ed6fe71d26c226aa927f8
Author: boydchristopher7 <christopher.boyd@utexas.edu>
Date:   Thu Feb 2 21:04:15 2017 -0600

    Now finsihed

commit bc638fbc66351c540832e3cfde74dc08595ab4f7
Author: boydchristopher7 <christopher.boyd@utexas.edu>
Date:   Thu Feb 2 21:01:52 2017 -0600

    Finished

commit 42276c5fcad36a886264c1b844d0b524e3eebf00
Author: boydchristopher7 <christopher.boyd@utexas.edu>
Date:   Thu Feb 2 18:55:40 2017 -0600

    resolved #10. resolved #11. resolved #14.

commit 0519dcbb09003012ae634e94422a8b802b6ce9d4
Author: boydchristopher7 <christopher.boyd@utexas.edu>
Date:   Thu Feb 2 18:53:21 2017 -0600

    resolved #14. resolved #12. resolved #13. resolved #9.

commit ad4b3a8da91e09ab3e599bc6705987c6638bd92b
Author: boydchristopher7 <christopher.boyd@utexas.edu>
Date:   Thu Feb 2 18:46:53 2017 -0600

    Eager cache not working

commit c5980f4c01a200950c06f9608dd2c5ab0e56af91
Author: boydchristopher7 <christopher.boyd@utexas.edu>
Date:   Thu Feb 2 16:11:59 2017 -0600

    changes so far

commit 39b24ee9070e03071a6d445989c4c98ab6d52d7c
Author: boydchristopher7 <boydchristopher7@gmail.com>
Date:   Mon Jan 30 20:31:38 2017 -0600

    Initial commit
