1 10 20
100 200 125
201 210 89
900 1000 174
460207 667653 1
373881 480491 1
506091 892131 1
589709 720442 1
1771 369470 1
279882 888315 1
290577 440627 1
564466 610509 1
161113 182337 1
64721 230847 1
10299 197564 1
128157 170628 1
109367 138842 1
547856 567991 1
238722 536022 1
183994 200921 1
23379 339988 1
116287 927085 1
287207 649308 1
28529 57772 1
622323 999853 1
147348 205822 1
480045 589148 1
399696 822324 1
86923 294538 1
353167 751502 1
118353 655867 1
737768 914767 1
469964 908094 1
361894 816821 1
111905 960875 1
449921 600183 1
432014 484136 1
18888 916176 1
220900 325151 1
502760 529540 1
43147 788949 1
533642 539731 1
175634 327688 1
369076 777630 1
18610 43745 1
27287 138388 1
349841 566043 1
347701 355576 1
177333 272205 1
306968 698536 1
104889 803810 1
13830 87912 1
67823 83048 1
335000 638880 1
35059 271543 1
473482 667632 1
5501 90978 1
315691 928341 1
200079 395889 1
211966 274006 1
283414 484219 1
591275 710290 1
215603 278313 1
45753 570180 1
137764 256412 1
406375 538030 1
3424 45578 1
38104 61494 1
66189 405042 1
28067 275301 1
608213 759779 1
184298 451973 1
384 151098 1
27991 68145 1
329105 505258 1
4216 12668 1
213166 730785 1
5080 206200 1
316428 683724 1
106206 345430 1
186663 418739 1
498281 809477 1
231954 740805 1
27245 97029 1
545813 886855 1
547397 812876 1
24490 660668 1
8398 535998 1
174041 177014 1
55761 75139 1
11142 63866 1
582292 929798 1
381858 396678 1
435809 775403 1
104865 228240 1
620639 888798 1
592633 654566 1
30172 51346 1
6320 69745 1
196908 401408 1
23689 113866 1
467363 861456 1
263297 546771 1
128950 132529 1
36086 100563 1
81188 306602 1
544870 648736 1
4362 19846 1
63569 898530 1
23140 680321 1
15297 813788 1
59200 480811 1
193505 218866 1
76571 735969 1
64710 998636 1
542777 916656 1
366103 756325 1
568601 742244 1
138197 895041 1
238479 786006 1
28161 52619 1
237987 379011 1
63185 187172 1
47623 166231 1
319815 901446 1
215245 352813 1
217993 831510 1
386027 566469 1
513115 923541 1
56715 101591 1
57501 58475 1
50602 842306 1
31055 440417 1
209278 288927 1
316127 484996 1
466707 638762 1
218989 555499 1
32502 534110 1
252256 627338 1
280475 481651 1
102394 128865 1
292840 698802 1
195895 296065 1
26655 35470 1
283233 417455 1
197542 535712 1
222892 950239 1
648309 987372 1
96095 112371 1
366118 646288 1
318595 573289 1
605378 687214 1
138230 302693 1
96339 508586 1
307505 546921 1
687355 691323 1
273021 489294 1
357223 700634 1
35756 126174 1
20632 99252 1
317193 416263 1
590783 625573 1
158017 305843 1
66622 75462 1
64844 291488 1
586489 907262 1
278859 521408 1
351717 363022 1
81619 118611 1
321793 694845 1
16098 342027 1
149569 273245 1
280198 617347 1
235742 530868 1
146915 225831 1
786696 867067 1
88305 164696 1
73159 103543 1
358069 582080 1
243532 985480 1
80630 86838 1
165960 258574 1
296793 367921 1
14819 706479 1
54873 82274 1
241206 329474 1
176373 433731 1
21961 228302 1
244570 521847 1
83830 105374 1
76022 86091 1
450547 673964 1
609013 630970 1
224105 266446 1
43297 403269 1
403731 737153 1
297757 697323 1
394252 485433 1
801377 931704 1
105973 330532 1
